ROSCORE: ... logging to /home/ccc_1cf232f2d6_14027/asn31948_4/asn31949_1/work/.ros/log/c10b55ce-e3f0-11e8-aa68-06f360e4abc1/roslaunch-ip-172-31-19-100-25757.log
ROSCORE: Checking log directory for disk usage. This may take awhile.
ROSCORE: Press Ctrl-C to interrupt
ROSCORE: Done checking log file disk usage. Usage is <1GB.
ROSCORE: ]2;roscore
ROSCORE: [1mstarted roslaunch server http://ip-172-31-19-100:48579/[0m
ROSCORE: ros_comm version 1.11.20
ROSCORE: 
ROSCORE: 
ROSCORE: SUMMARY
ROSCORE: ========
ROSCORE: 
ROSCORE: PARAMETERS
ROSCORE:  * /rosdistro: indigo
ROSCORE:  * /rosversion: 1.11.20
ROSCORE: 
ROSCORE: NODES
ROSCORE: 
ROSCORE: auto-starting new master
PUB: [31m[ERROR] [1541748381.459678127]: [registerPublisher] Failed to contact master at [localhost:43678].  Retrying...[0m
ROSCORE: [1mprocess[master]: started with pid [25787][0m
ROSCORE: [1mROS_MASTER_URI=http://ip-172-31-19-100:43678/[0m
ROSCORE: ]2;roscore http://ip-172-31-19-100:43678/
ROSCORE: [1msetting /run_id to c10b55ce-e3f0-11e8-aa68-06f360e4abc1[0m
PUB: [0m[ INFO] [1541748382.018931859]: Connected to master at [localhost:43678][0m
ROSCORE: [1mprocess[rosout-1]: started with pid [25843][0m
ROSCORE: started core service [/rosout]
BR: Port for WebSocketServer: 45586
BR: Running cmd: roslaunch rosbridge_server rosbridge_websocket.launch port:=45586
BR: ... logging to /home/ccc_1cf232f2d6_14027/asn31948_4/asn31949_1/work/.ros/log/c10b55ce-e3f0-11e8-aa68-06f360e4abc1/roslaunch-ip-172-31-19-100-25860.log
BR: Checking log directory for disk usage. This may take awhile.
BR: Press Ctrl-C to interrupt
BR: Done checking log file disk usage. Usage is <1GB.
BR: ]2;/opt/ros/indigo/share/rosbridge_server/launch/rosbridge_websocket.launch
BR: [1mstarted roslaunch server http://ip-172-31-19-100:46542/[0m
BR: 
BR: SUMMARY
BR: ========
BR: 
BR: PARAMETERS
BR:  * /rosbridge_websocket/address: 
BR:  * /rosbridge_websocket/authenticate: False
BR:  * /rosbridge_websocket/delay_between_messages: 0
BR:  * /rosbridge_websocket/fragment_timeout: 600
BR:  * /rosbridge_websocket/max_message_size: None
BR:  * /rosbridge_websocket/port: 45586
BR:  * /rosbridge_websocket/retry_startup_delay: 5
BR:  * /rosdistro: indigo
BR:  * /rosversion: 1.11.20
BR: 
BR: NODES
BR:   /
BR:     rosapi (rosapi/rosapi_node)
BR:     rosbridge_websocket (rosbridge_server/rosbridge_websocket)
BR: 
BR: [1mROS_MASTER_URI=http://localhost:43678[0m
BR: ]2;/opt/ros/indigo/share/rosbridge_server/launch/rosbridge_websocket.launch http://localhost:43678
BR: core service [/rosout] found
PROXY: [0m[ INFO] [1541748383.710195844]: Subscribing to /control_markers[0m
PROXY: [0m[ INFO] [1541748383.710285210]: Target frame set to /world_link[0m
PROXY: [0m[ INFO] [1541748383.714957853]: (INFO) General: Waiting for messages.[0m
BR: [1mprocess[rosbridge_websocket-1]: started with pid [25937][0m
BR: [1mprocess[rosapi-2]: started with pid [25940][0m
BR: the rosdep view is empty: call 'sudo rosdep init' and 'rosdep update'
BR: registered capabilities (classes):
BR:  - rosbridge_library.capabilities.call_service.CallService
BR:  - rosbridge_library.capabilities.advertise.Advertise
BR:  - rosbridge_library.capabilities.publish.Publish
BR:  - rosbridge_library.capabilities.subscribe.Subscribe
BR:  - <class 'rosbridge_library.capabilities.defragmentation.Defragment'>
BR:  - rosbridge_library.capabilities.advertise_service.AdvertiseService
BR:  - rosbridge_library.capabilities.service_response.ServiceResponse
BR:  - rosbridge_library.capabilities.unadvertise_service.UnadvertiseService
BR: [INFO] [WallTime: 1541748385.960649] Rosbridge WebSocket server started on port 45586
KUKA: [0m[ INFO] [1541748386.646257231]: Robot model read with 7 non-fixed joints.[0m
KUKA: [0m[ INFO] [1541748386.675295209]: Simulated robot spinning[0m
STATE_PUB: [33m[ WARN] [1541748387.602554484]: The root link world_link has an inertia specified in the URDF, but KDL does not support a root link with an inertia.  As a workaround, you can add an extra dummy link to your URDF.[0m
PROXY: [0m[ INFO] [1541748389.934478264]: (INFO) General: Receiving messages.[0m
PROXY: [0m[ INFO] [1541748389.934536873]: (INFO) /cartesian_control_26125_1541748389491: Waiting for init message.[0m
PROXY: [0m[ INFO] [1541748390.145785253]: (INFO) /cartesian_control_26125_1541748389491: Init message received.[0m
PROXY: [0m[ INFO] [1541748390.159028283]: (INFO) /cartesian_control_26125_1541748389491: Receiving updates.[0m
PROXY: [0m[ INFO] [1541748390.192075733]: (INFO) /cartesian_control_26125_1541748389491: OK[0m
BR: [INFO] [WallTime: 1541748392.866110] Client connected.  1 clients total.
BR: the rosdep view is empty: call 'sudo rosdep init' and 'rosdep update'
BR: [INFO] [WallTime: 1541748393.329487] [Client 0] Subscribed to /tf2_web_republisher/feedback
BR: [INFO] [WallTime: 1541748393.358227] [Client 0] Subscribed to /control_markers/tunneled/update
PROXY: [0m[ INFO] [1541748393.381397533]: Init requested.[0m
BR: [INFO] [WallTime: 1541748394.623908] [Client 0] Subscribed to /tf2_web_republisher/feedback
BR: [INFO] [WallTime: 1541748394.658151] [Client 0] Subscribed to /tf2_web_republisher/feedback
BR: [INFO] [WallTime: 1541748394.662854] [Client 0] Subscribed to /tf2_web_republisher/feedback
BR: [INFO] [WallTime: 1541748394.668024] [Client 0] Subscribed to /tf2_web_republisher/feedback
BR: [INFO] [WallTime: 1541748394.683225] [Client 0] Subscribed to /tf2_web_republisher/feedback
BR: [INFO] [WallTime: 1541748394.687759] [Client 0] Subscribed to /tf2_web_republisher/feedback
BR: [INFO] [WallTime: 1541748394.693383] [Client 0] Subscribed to /tf2_web_republisher/feedback
BR: [INFO] [WallTime: 1541748394.698681] [Client 0] Subscribed to /tf2_web_republisher/feedback
BR: [INFO] [WallTime: 1541748412.388327] [Client 0] Subscribed to /tf2_web_republisher/feedback
BR: [INFO] [WallTime: 1541748412.393388] [Client 0] Subscribed to /tf2_web_republisher/feedback
BR: [INFO] [WallTime: 1541748412.399647] [Client 0] Subscribed to /tf2_web_republisher/feedback
BR: [INFO] [WallTime: 1541748412.418301] [Client 0] Subscribed to /tf2_web_republisher/feedback
BR: [INFO] [WallTime: 1541748412.422856] [Client 0] Subscribed to /tf2_web_republisher/feedback
BR: [INFO] [WallTime: 1541748412.429654] [Client 0] Subscribed to /tf2_web_republisher/feedback
BR: [INFO] [WallTime: 1541748542.608157] [Client 0] Subscribed to /tf2_web_republisher/feedback
BR: [INFO] [WallTime: 1541748542.628929] [Client 0] Subscribed to /tf2_web_republisher/feedback
BR: [INFO] [WallTime: 1541748542.635619] [Client 0] Subscribed to /tf2_web_republisher/feedback
BR: [INFO] [WallTime: 1541748542.647961] [Client 0] Subscribed to /tf2_web_republisher/feedback
BR: [INFO] [WallTime: 1541748542.652323] [Client 0] Subscribed to /tf2_web_republisher/feedback
BR: [INFO] [WallTime: 1541748542.658217] [Client 0] Subscribed to /tf2_web_republisher/feedback
BR: [INFO] [WallTime: 1541748691.753228] [Client 0] Subscribed to /tf2_web_republisher/feedback
BR: [INFO] [WallTime: 1541748691.757421] [Client 0] Subscribed to /tf2_web_republisher/feedback
BR: [INFO] [WallTime: 1541748691.764942] [Client 0] Subscribed to /tf2_web_republisher/feedback
BR: [INFO] [WallTime: 1541748691.771019] [Client 0] Subscribed to /tf2_web_republisher/feedback
BR: [INFO] [WallTime: 1541748691.777077] [Client 0] Subscribed to /tf2_web_republisher/feedback
BR: [INFO] [WallTime: 1541748691.783372] [Client 0] Subscribed to /tf2_web_republisher/feedback
BR: [INFO] [WallTime: 1541749411.682115] [Client 0] Subscribed to /tf2_web_republisher/feedback
BR: [INFO] [WallTime: 1541749411.684080] [Client 0] Subscribed to /tf2_web_republisher/feedback
BR: [INFO] [WallTime: 1541749411.689064] [Client 0] Subscribed to /tf2_web_republisher/feedback
BR: [INFO] [WallTime: 1541749411.693673] [Client 0] Subscribed to /tf2_web_republisher/feedback
BR: [INFO] [WallTime: 1541749411.698366] [Client 0] Subscribed to /tf2_web_republisher/feedback
BR: [INFO] [WallTime: 1541749411.702922] [Client 0] Subscribed to /tf2_web_republisher/feedback
BR: [INFO] [WallTime: 1541750247.962696] [Client 0] Subscribed to /tf2_web_republisher/feedback
BR: [INFO] [WallTime: 1541750247.964795] [Client 0] Subscribed to /tf2_web_republisher/feedback
BR: [INFO] [WallTime: 1541750247.969260] [Client 0] Subscribed to /tf2_web_republisher/feedback
BR: [INFO] [WallTime: 1541750247.973465] [Client 0] Subscribed to /tf2_web_republisher/feedback
BR: [INFO] [WallTime: 1541750247.977591] [Client 0] Subscribed to /tf2_web_republisher/feedback
BR: [INFO] [WallTime: 1541750247.982065] [Client 0] Subscribed to /tf2_web_republisher/feedback
BR: [INFO] [WallTime: 1541750291.982101] [Client 0] Subscribed to /tf2_web_republisher/feedback
BR: [INFO] [WallTime: 1541750292.001645] [Client 0] Subscribed to /tf2_web_republisher/feedback
BR: [INFO] [WallTime: 1541750292.006225] [Client 0] Subscribed to /tf2_web_republisher/feedback
BR: [INFO] [WallTime: 1541750292.021701] [Client 0] Subscribed to /tf2_web_republisher/feedback
BR: [INFO] [WallTime: 1541750292.028355] [Client 0] Subscribed to /tf2_web_republisher/feedback
BR: [INFO] [WallTime: 1541750292.035071] [Client 0] Subscribed to /tf2_web_republisher/feedback
BR: [INFO] [WallTime: 1541750426.546904] [Client 0] Subscribed to /tf2_web_republisher/feedback
BR: [INFO] [WallTime: 1541750426.556423] [Client 0] Subscribed to /tf2_web_republisher/feedback
BR: [INFO] [WallTime: 1541750426.562620] [Client 0] Subscribed to /tf2_web_republisher/feedback
BR: [INFO] [WallTime: 1541750426.567773] [Client 0] Subscribed to /tf2_web_republisher/feedback
BR: [INFO] [WallTime: 1541750426.572464] [Client 0] Subscribed to /tf2_web_republisher/feedback
BR: [INFO] [WallTime: 1541750426.577082] [Client 0] Subscribed to /tf2_web_republisher/feedback
BR: [INFO] [WallTime: 1541750516.893799] [Client 0] Subscribed to /tf2_web_republisher/feedback
BR: [INFO] [WallTime: 1541750516.897131] [Client 0] Subscribed to /tf2_web_republisher/feedback
BR: [INFO] [WallTime: 1541750516.903318] [Client 0] Subscribed to /tf2_web_republisher/feedback
BR: [INFO] [WallTime: 1541750516.908174] [Client 0] Subscribed to /tf2_web_republisher/feedback
BR: [INFO] [WallTime: 1541750516.912630] [Client 0] Subscribed to /tf2_web_republisher/feedback
BR: [INFO] [WallTime: 1541750516.917190] [Client 0] Subscribed to /tf2_web_republisher/feedback
BR: [INFO] [WallTime: 1541750588.281657] [Client 0] Subscribed to /tf2_web_republisher/feedback
BR: [INFO] [WallTime: 1541750588.286297] [Client 0] Subscribed to /tf2_web_republisher/feedback
BR: [INFO] [WallTime: 1541750588.291871] [Client 0] Subscribed to /tf2_web_republisher/feedback
BR: [INFO] [WallTime: 1541750588.296592] [Client 0] Subscribed to /tf2_web_republisher/feedback
BR: [INFO] [WallTime: 1541750588.301115] [Client 0] Subscribed to /tf2_web_republisher/feedback
BR: [INFO] [WallTime: 1541750588.305539] [Client 0] Subscribed to /tf2_web_republisher/feedback
